<?xml version="1.0" encoding="UTF-8"?>
<testng-results ignored="0" total="1" passed="1" failed="0" skipped="0">
  <reporter-output>
  </reporter-output>
  <suite started-at="2022-12-08T10:30:03 IST" name="Default suite" finished-at="2022-12-08T10:30:03 IST" duration-ms="40">
    <groups>
    </groups>
    <test started-at="2022-12-08T10:30:03 IST" name="Default test" finished-at="2022-12-08T10:30:03 IST" duration-ms="40">
      <class name="simplejava">
        <test-method signature="reverse()[pri:0, instance:simplejava@51e69659]" started-at="2022-12-08T10:30:03 IST" name="reverse" finished-at="2022-12-08T10:30:03 IST" duration-ms="8" status="PASS">
          <reporter-output>
          </reporter-output>
        </test-method> <!-- reverse -->
      </class> <!-- simplejava -->
    </test> <!-- Default test -->
  </suite> <!-- Default suite -->
</testng-results>
