<?xml version="1.0" encoding="UTF-8"?>
<testng-results ignored="0" total="1" passed="1" failed="0" skipped="0">
  <reporter-output>
  </reporter-output>
  <suite started-at="2023-01-10T17:56:34 IST" name="Default suite" finished-at="2023-01-10T17:56:45 IST" duration-ms="10816">
    <groups>
    </groups>
    <test started-at="2023-01-10T17:56:34 IST" name="Default test" finished-at="2023-01-10T17:56:45 IST" duration-ms="10816">
      <class name="ExcelRead">
        <test-method signature="pdflocal()[pri:0, instance:ExcelRead@7c711375]" started-at="2023-01-10T17:56:34 IST" name="pdflocal" finished-at="2023-01-10T17:56:45 IST" duration-ms="10731" status="PASS">
          <reporter-output>
          </reporter-output>
        </test-method> <!-- pdflocal -->
      </class> <!-- ExcelRead -->
    </test> <!-- Default test -->
  </suite> <!-- Default suite -->
</testng-results>
